\BOOKMARK [0][-]{chapter.1}{\376\377\136\217\212\326}{}% 1
\BOOKMARK [1][-]{section.1.1}{\376\377\200\314\146\157}{chapter.1}% 2
\BOOKMARK [1][-]{section.1.2}{\376\377\225\242\220\043\170\024\172\166}{chapter.1}% 3
\BOOKMARK [2][-]{subsection.1.2.1}{\376\377\122\325\166\204\136\163\127\107\130\064\164\006\212\326}{section.1.2}% 4
\BOOKMARK [2][-]{subsection.1.2.2}{\376\377\000G\000u\000t\000z\000w\000i\000l\000l\000e\000r\217\321\117\074}{section.1.2}% 5
\BOOKMARK [1][-]{section.1.3}{\376\377\147\054\170\024\172\166\060\156\166\356\166\204}{chapter.1}% 6
\BOOKMARK [1][-]{section.1.4}{\376\377\147\054\212\326\145\207\060\156\151\313\142\020}{chapter.1}% 7
\BOOKMARK [0][-]{chapter.2}{\376\377\127\372\171\016\164\006\212\326}{}% 8
\BOOKMARK [1][-]{section.2.1}{\376\377\060\317\060\320\060\374\060\311\060\342\060\307\060\353}{chapter.2}% 9
\BOOKMARK [1][-]{section.2.2}{\376\377\133\232\177\251}{chapter.2}% 10
\BOOKMARK [2][-]{subsection.2.2.1}{\376\377\000G\000u\000t\000z\000w\000i\000l\000l\000e\000r\131\011\122\006\225\242\145\160}{section.2.2}% 11
\BOOKMARK [2][-]{subsection.2.2.2}{\376\377\000G\000u\000t\000z\000w\000i\000l\000l\000e\000r\142\330\147\137\147\141\116\366}{section.2.2}% 12
\BOOKMARK [2][-]{subsection.2.2.3}{\376\377\134\100\142\100\166\204\060\152\147\037\137\205\120\044\060\156\212\125\117\241}{section.2.2}% 13
\BOOKMARK [2][-]{subsection.2.2.4}{\376\377\116\000\117\123\227\136\134\100\142\100\147\037\137\205\120\044\060\156\212\125\117\241}{section.2.2}% 14
\BOOKMARK [2][-]{subsection.2.2.5}{\376\377\000g\000G\000A\060\153\060\210\060\213\131\011\122\006\060\250\060\315\060\353\060\256\060\374\060\156\212\125\117\241\060\176\060\150\060\201}{section.2.2}% 15
\BOOKMARK [0][-]{chapter.3}{\376\377\060\342\060\307\060\353\000/\125\117\230\114\212\055\133\232}{}% 16
\BOOKMARK [1][-]{section.3.1}{\376\377\060\342\060\307\060\353}{chapter.3}% 17
\BOOKMARK [2][-]{subsection.3.1.1}{\376\377\161\041\226\120\153\041\121\103\000B\000e\000t\000h\000e\150\074\133\120}{section.3.1}% 18
\BOOKMARK [2][-]{subsection.3.1.2}{\376\377\0002\153\041\121\103\153\143\145\271\150\074\133\120}{section.3.1}% 19
\BOOKMARK [1][-]{section.3.2}{\376\377\212\030\154\325\060\150\060\321\060\351\060\341\060\374\060\277}{chapter.3}% 20
\BOOKMARK [0][-]{chapter.4}{\376\377\142\113\154\325}{}% 21
\BOOKMARK [1][-]{section.4.1}{\376\377\134\100\142\100\143\333\173\227\133\306\136\246\210\114\122\027\060\222\165\050\060\104\060\137\121\215\133\232\137\017\123\026}{chapter.4}% 22
\BOOKMARK [1][-]{section.4.2}{\376\377\000s\000l\000a\000v\000e\000-\000b\000o\000s\000o\000n\143\057\136\105\060\222\165\050\060\104\060\137\121\215\133\232\137\017\123\026}{chapter.4}% 23
\BOOKMARK [2][-]{subsection.4.2.1}{\376\377\000s\000l\000a\000v\000e\000-\000b\000o\000s\000o\000n\143\057\136\105}{section.4.2}% 24
\BOOKMARK [2][-]{subsection.4.2.2}{\376\377\000s\000l\000a\000v\000e\000-\000b\000o\000s\000o\000n\143\057\136\105\060\153\060\210\060\213\131\011\122\006\125\117\230\114}{section.4.2}% 25
\BOOKMARK [1][-]{section.4.3}{\376\377\127\313\060\201\217\274\060\177\162\266\141\113\060\222\165\050\060\104\060\137\121\215\133\232\137\017\123\026}{chapter.4}% 26
\BOOKMARK [2][-]{subsection.4.3.1}{\376\377\127\313\060\201\217\274\060\177\162\266\141\113\000\050\000e\000m\000b\000e\000d\000d\000i\000n\000g\000\040\000s\000t\000a\000t\000e\000s\000\051}{section.4.3}% 27
\BOOKMARK [2][-]{subsection.4.3.2}{\376\377\127\313\060\201\217\274\060\177\162\266\141\113\060\153\060\112\060\121\060\213\134\100\142\100\157\024\173\227\133\120\060\156\147\037\137\205\120\044}{section.4.3}% 28
\BOOKMARK [2][-]{subsection.4.3.3}{\376\377\127\313\060\201\217\274\060\177\060\153\060\210\060\213\131\011\122\006\162\266\141\113}{section.4.3}% 29
\BOOKMARK [1][-]{section.4.4}{\376\377\000g\000G\000A\060\156\060\351\060\260\060\351\060\363\060\270\060\345\137\142\137\017}{chapter.4}% 30
\BOOKMARK [2][-]{subsection.4.4.1}{\376\377\000g\000G\000A\060\156\060\351\060\260\060\351\060\363\060\270\060\345\225\242\145\160}{section.4.4}% 31
\BOOKMARK [2][-]{subsection.4.4.2}{\376\377\000g\000G\000A\060\156\060\351\060\260\060\351\060\363\060\270\060\345\145\271\172\013\137\017}{section.4.4}% 32
\BOOKMARK [2][-]{subsection.4.4.3}{\376\377\000g\000G\000A\145\271\172\013\137\017\060\156\060\262\060\374\060\270\116\015\131\011\140\047}{section.4.4}% 33
\BOOKMARK [1][-]{section.4.5}{\376\377\060\242\060\353\060\264\060\352\060\272\060\340}{chapter.4}% 34
\BOOKMARK [1][-]{section.4.6}{\376\377\212\010\173\227\147\141\116\366}{chapter.4}% 35
\BOOKMARK [0][-]{chapter.5}{\376\377\175\120\147\234}{}% 36
\BOOKMARK [1][-]{section.5.1}{\376\377\212\125\117\241\143\007\152\031}{chapter.5}% 37
\BOOKMARK [1][-]{section.5.2}{\376\377\175\120\147\234}{chapter.5}% 38
\BOOKMARK [1][-]{section.5.3}{\376\377\200\003\133\337}{chapter.5}% 39
\BOOKMARK [0][-]{chapter.6}{\376\377\175\120\212\326}{}% 40
\BOOKMARK [0][-]{chapter.6}{\376\377\123\302\200\003\145\207\163\056}{}% 41
